1669119949553	geckodriver	INFO	Listening on 127.0.0.1:58313
1669119950071	mozrunner::runner	INFO	Running command: "/Applications/Firefox.app/Contents/MacOS/firefox-bin" "--marionette" "--remote-debugging-port" "58314" "--remote-allow-hosts" "localhost" "-foreground" "-no-remote" "-profile" "/var/folders/ch/5vb6pcg17hg86_ytyr6zrx3c0000gn/T/rust_mozprofileqWBSK0"
1669119950700	Marionette	INFO	Marionette enabled
1669119950786	Marionette	INFO	Listening on port 58322
Read port: 58322
WebDriver BiDi listening on ws://127.0.0.1:58314
2022-11-22 07:25:50.964 plugin-container[25104:1583479] nil host used in call to allowsSpecificHTTPSCertificateForHost
2022-11-22 07:25:50.965 plugin-container[25104:1583479] nil host used in call to allowsAnyHTTPSCertificateForHost:
1669119950985	RemoteAgent	WARN	TLS certificate errors will be ignored for this session
2022-11-22 07:25:51.234 plugin-container[25104:1583479] nil host used in call to allowsSpecificHTTPSCertificateForHost
2022-11-22 07:25:51.234 plugin-container[25104:1583479] nil host used in call to allowsAnyHTTPSCertificateForHost:
2022-11-22 07:25:51.235 plugin-container[25104:1583554] nil host used in call to allowsSpecificHTTPSCertificateForHost
2022-11-22 07:25:51.235 plugin-container[25104:1583554] nil host used in call to allowsAnyHTTPSCertificateForHost:
console.warn: SearchSettings: "get: No settings file exists, new profile?" (new NotFoundError("Could not open the file at /var/folders/ch/5vb6pcg17hg86_ytyr6zrx3c0000gn/T/rust_mozprofileqWBSK0/search.json.mozlz4", (void 0)))
DevTools listening on ws://127.0.0.1:58314/devtools/browser/7bdc5b6a-f414-47d0-84dc-043f61382d74
JavaScript warning: https://pagead2.googlesyndication.com/bg/HXK1UBO5dJ_nYlUyX89SMP4zFPzfcfFy3F4kBoREzco.js line 2 > eval line 5929 > eval line 1 > eval line 1 > eval, line 1: WEBGL_debug_renderer_info is deprecated in Firefox and will be removed. Please use RENDERER.
JavaScript error: , line 0: uncaught exception: 7
JavaScript warning: https://pagead2.googlesyndication.com/bg/HXK1UBO5dJ_nYlUyX89SMP4zFPzfcfFy3F4kBoREzco.js line 2 > eval line 5511 > eval line 1 > eval line 1 > eval, line 1: WEBGL_debug_renderer_info is deprecated in Firefox and will be removed. Please use RENDERER.
JavaScript error: , line 0: TypeError: NetworkError when attempting to fetch resource.
JavaScript error: , line 0: TypeError: NetworkError when attempting to fetch resource.
1669119983202	Marionette	WARN	Ignoring event 'pageshow' because document has an invalid readyState of 'uninitialized'.
JavaScript error: , line 0: TypeError: NetworkError when attempting to fetch resource.
1669119999449	Marionette	WARN	Ignoring event 'pageshow' because document has an invalid readyState of 'uninitialized'.
JavaScript error: , line 0: TypeError: NetworkError when attempting to fetch resource.
1669120013424	Marionette	WARN	Ignoring event 'pageshow' because document has an invalid readyState of 'uninitialized'.
JavaScript error: , line 0: TypeError: NetworkError when attempting to fetch resource.
1669120028378	Marionette	WARN	Ignoring event 'pageshow' because document has an invalid readyState of 'uninitialized'.
JavaScript error: , line 0: TypeError: NetworkError when attempting to fetch resource.
1669120042974	Marionette	WARN	Ignoring event 'pageshow' because document has an invalid readyState of 'uninitialized'.
JavaScript error: , line 0: TypeError: NetworkError when attempting to fetch resource.
1669121932084	Marionette	INFO	Stopped listening on port 58322
JavaScript error: resource://gre/modules/Sqlite.sys.mjs, line 1106: Error: Sqlite.jsm has been shutdown. Cannot open connection to: /var/folders/ch/5vb6pcg17hg86_ytyr6zrx3c0000gn/T/rust_mozprofileqWBSK0/protections.sqlite
